<?xml version="1.0" encoding="UTF-8"?>
<!-- Generated by org.testng.reporters.JUnitXMLReporter -->
<testsuite ignored="0" hostname="DESKTOP-V2ONJQQ" failures="1" tests="3" name="Command line test" time="102.949" errors="0" timestamp="2023-03-20T17:25:51 IST">
  <testcase classname="com.crm.qa.testcases.LoginPageTest" name="loginPageTitleTest" time="0.024">
    <failure type="java.lang.AssertionError" message="expected [Free CRM  - CRM software for customer relationship management, sales, and support.] but found [Free CRM - CRM software for customer relationship management, sales, and support.]">
      <![CDATA[java.lang.AssertionError: expected [Free CRM  - CRM software for customer relationship management, sales, and support.] but found [Free CRM - CRM software for customer relationship management, sales, and support.]
at com.crm.qa.testcases.LoginPageTest.loginPageTitleTest(LoginPageTest.java:29)
at java.base/java.util.ArrayList.forEach(ArrayList.java:1511)
at com.crm.qa.testcases.TestRunner.main(TestRunner.java:19)
... Removed 28 stack frames]]>
    </failure>
  </testcase> <!-- loginPageTitleTest -->
  <testcase classname="com.crm.qa.testcases.LoginPageTest" name="crmLogoImageTest" time="0.106"/>
  <testcase classname="com.crm.qa.testcases.LoginPageTest" name="loginTest" time="39.692"/>
</testsuite> <!-- Command line test -->
